


ARM Macro Assembler    Page 1 


    1 00000000                 AREA             RESET,DATA,READONLY
    2 00000000                 EXPORT           __Vectors
    3 00000000         __Vectors
    4 00000000 40001000        DCD              0X40001000
    5 00000004 00000000        DCD              Reset_Handler
    6 00000008                 ALIGN
    7 00000008                 AREA             mycode,CODE,READONLY
    8 00000000                 ENTRY
    9 00000000                 EXPORT           Reset_Handler
   10 00000000         Reset_Handler
   11 00000000 4A06            LDR              R2, =SRC
   12 00000002 4B07            LDR              R3, =DST
   13 00000004 6818            LDR              R0,[R3]
   14 00000006 6899            LDR              R1,[R3,#8]
   15 00000008 6010            STR              R0,[R2]
   16 0000000A 6051            STR              R1,[R2,#4]
   17 0000000C E7FE    STOP    B                STOP
   18 0000000E 00 00 00001234 
              12345678 
              ABCD12EF DST     DCD              0X1234,0X12345678,0XABCD12EF
   19 0000001C 00000000 
              00000000         AREA             mydata,DATA,READWRITE
   20 00000000 00000000 
                       SRC     DCD              0X0
   21 00000004                 END
Command Line: --debug --xref --cpu=Cortex-M3 --apcs=interwork --depend=familair
2.d -ofamilair2.o -IC:\Keil\ARM\RV31\INC -IC:\Keil\ARM\CMSIS\Include -IC:\Keil\
ARM\Inc\NXP\LPC17xx --predefine="__EVAL SETA 1" --list=familair2.lst familair2.
asm



ARM Macro Assembler    Page 1 Alphabetic symbol ordering
Relocatable symbols

RESET 00000000

Symbol: RESET
   Definitions
      At line 1 in file familair2.asm
   Uses
      None
Comment: RESET unused
__Vectors 00000000

Symbol: __Vectors
   Definitions
      At line 3 in file familair2.asm
   Uses
      At line 2 in file familair2.asm
Comment: __Vectors used once
2 symbols



ARM Macro Assembler    Page 1 Alphabetic symbol ordering
Relocatable symbols

DST 00000010

Symbol: DST
   Definitions
      At line 18 in file familair2.asm
   Uses
      At line 12 in file familair2.asm
Comment: DST used once
Reset_Handler 00000000

Symbol: Reset_Handler
   Definitions
      At line 10 in file familair2.asm
   Uses
      At line 5 in file familair2.asm
      At line 9 in file familair2.asm

STOP 0000000C

Symbol: STOP
   Definitions
      At line 17 in file familair2.asm
   Uses
      At line 17 in file familair2.asm
Comment: STOP used once
mycode 00000000

Symbol: mycode
   Definitions
      At line 7 in file familair2.asm
   Uses
      None
Comment: mycode unused
4 symbols



ARM Macro Assembler    Page 1 Alphabetic symbol ordering
Relocatable symbols

SRC 00000000

Symbol: SRC
   Definitions
      At line 20 in file familair2.asm
   Uses
      At line 11 in file familair2.asm
Comment: SRC used once
mydata 00000000

Symbol: mydata
   Definitions
      At line 19 in file familair2.asm
   Uses
      None
Comment: mydata unused
2 symbols
341 symbols in table
