


ARM Macro Assembler    Page 1 


    1 00000000                 AREA             RESET,DATA,READONLY
    2 00000000                 EXPORT           __Vectors
    3 00000000         __Vectors
    4 00000000 10004000        DCD              0x10004000
    5 00000004 00000000        DCD              Reset_Handler
    6 00000008                 ALIGN
    7 00000008                 AREA             mycode,CODE,READONLY
    8 00000000                 ENTRY
    9 00000000                 EXPORT           Reset_Handler
   10 00000000         Reset_Handler
   11 00000000 F8DF C070       ldr              r12,=arr
   12 00000004 F8DF B070       ldr              r11,=list
   13 00000008 F04F 020A       mov              r2,#10
   14 0000000C F85C AB04 
                       up      ldr              r10,[r12],#4
   15 00000010 F84B AB04       str              r10,[r11],#4
   16 00000014 3A01            subs             r2,#1
   17 00000016 D1F9            bne              up
   18 00000018         
   19 00000018 4817            ldr              r0,=list
   20 0000001A F04F 0300       mov              r3,#0
   21 0000001E         outer_loop
   22 0000001E 58C5            ldr              r5,[r0,r3]
   23 00000020 461E            mov              r6,r3
   24 00000022 469A            mov              r10,r3
   25 00000024 F106 0604       add              r6,#4
   26 00000028         inner_loop
   27 00000028 5987            ldr              r7,[r0,r6]
   28 0000002A 42AF            cmp              r7,r5
   29 0000002C BF9C 46B2       movls            r10,r6
   30 00000030 463D            movls            r5,r7
   31 00000032 F106 0604       add              r6,#4
   32 00000036 2E28            cmp              r6,#40
   33 00000038 D1F6            bne              inner_loop
   34 0000003A 58C7            ldr              r7,[r0,r3]
   35 0000003C F840 700A       str              r7,[r0,r10]
   36 00000040 50C5            str              r5,[r0,r3]
   37 00000042 F103 0304       add              r3,#4
   38 00000046 2B24            cmp              r3,#36
   39 00000048 D1E9            bne              outer_loop
   40 0000004A         
   41 0000004A E7FE    stop    b                stop
   42 0000004C 0000000A 
              00000001 
              00000008 
              00000007 
              00000009 
              00000005 
              00000004 
              00000003 
              00000002 
              00000000 arr     dcd              0x0a,0x01,0x08,0x07,0x09,0x05,0
x04,0x03,0x02,0x00
   43 00000074 00000000 
              00000000 
              00000000         AREA             dataseg,DATA,READWRITE
   44 00000000 00000000 
                       list    dcd              0x0
   45 00000004                 end



ARM Macro Assembler    Page 2 


Command Line: --debug --xref --cpu=Cortex-M3 --apcs=interwork --depend=q1.d -oq
1.o -IC:\Keil\ARM\RV31\INC -IC:\Keil\ARM\CMSIS\Include -IC:\Keil\ARM\Inc\NXP\LP
C17xx --predefine="__EVAL SETA 1" --list=q1.lst q1.asm



ARM Macro Assembler    Page 1 Alphabetic symbol ordering
Relocatable symbols

RESET 00000000

Symbol: RESET
   Definitions
      At line 1 in file q1.asm
   Uses
      None
Comment: RESET unused
__Vectors 00000000

Symbol: __Vectors
   Definitions
      At line 3 in file q1.asm
   Uses
      At line 2 in file q1.asm
Comment: __Vectors used once
2 symbols



ARM Macro Assembler    Page 1 Alphabetic symbol ordering
Relocatable symbols

Reset_Handler 00000000

Symbol: Reset_Handler
   Definitions
      At line 10 in file q1.asm
   Uses
      At line 5 in file q1.asm
      At line 9 in file q1.asm

arr 0000004C

Symbol: arr
   Definitions
      At line 42 in file q1.asm
   Uses
      At line 11 in file q1.asm
Comment: arr used once
inner_loop 00000028

Symbol: inner_loop
   Definitions
      At line 26 in file q1.asm
   Uses
      At line 33 in file q1.asm
Comment: inner_loop used once
mycode 00000000

Symbol: mycode
   Definitions
      At line 7 in file q1.asm
   Uses
      None
Comment: mycode unused
outer_loop 0000001E

Symbol: outer_loop
   Definitions
      At line 21 in file q1.asm
   Uses
      At line 39 in file q1.asm
Comment: outer_loop used once
stop 0000004A

Symbol: stop
   Definitions
      At line 41 in file q1.asm
   Uses
      At line 41 in file q1.asm
Comment: stop used once
up 0000000C

Symbol: up
   Definitions
      At line 14 in file q1.asm
   Uses
      At line 17 in file q1.asm
Comment: up used once
7 symbols



ARM Macro Assembler    Page 1 Alphabetic symbol ordering
Relocatable symbols

dataseg 00000000

Symbol: dataseg
   Definitions
      At line 43 in file q1.asm
   Uses
      None
Comment: dataseg unused
list 00000000

Symbol: list
   Definitions
      At line 44 in file q1.asm
   Uses
      At line 12 in file q1.asm
      At line 19 in file q1.asm

2 symbols
344 symbols in table
