


ARM Macro Assembler    Page 1 


    1 00000000                 AREA             RESET,DATA,READONLY
    2 00000000                 EXPORT           __Vectors
    3 00000000         __Vectors
    4 00000000 10004000        DCD              0x10004000
    5 00000004 00000000        DCD              Reset_Handler
    6 00000008                 ALIGN
    7 00000008                 AREA             mycode,CODE,READONLY
    8 00000000                 ENTRY
    9 00000000                 EXPORT           Reset_Handler
   10 00000000         Reset_Handler
   11 00000000 4814            ldr              r0,=arr
   12 00000002 F04F 010A       mov              r1,#10
   13 00000006 F04F 35FF       mov              r5,#-1
   14 0000000A 4A13            ldr              r2,=res
   15 0000000C F04F 0709       mov              r7,#0x09    ; Element to be sea
                                                            rched for
   16 00000010 F850 3B04 
                       up      ldr              r3,[r0],#4
   17 00000014 42BB            cmp              r3,r7
   18 00000016 D003            beq              done
   19 00000018 3901            subs             r1,#1
   20 0000001A D1F9            bne              up
   21 0000001C 6015            str              r5,[r2]
   22 0000001E E004            b                stop
   23 00000020 F04F 050A 
                       done    mov              r5,#10
   24 00000024 EBA5 0501       sub              r5,r1
   25 00000028 6015            str              r5,[r2]
   26 0000002A E7FE    stop    b                stop
   27 0000002C 00000001 
              00000002 
              00000003 
              00000004 
              00000005 
              00000006 
              00000007 
              00000008 
              00000009 
              0000000A arr     dcd              0x01,0x02,0x03,0x04,0x05,0x06,0
x07,0x08,0x09,0x0a
   28 00000054 00000000 
              00000000         AREA             dataseg,DATA,READWRITE
   29 00000000 00000000 
                       res     dcd              0x0
   30 00000004                 end
Command Line: --debug --xref --cpu=Cortex-M3 --apcs=interwork --depend=q2.d -oq
2.o -IC:\Keil\ARM\RV31\INC -IC:\Keil\ARM\CMSIS\Include -IC:\Keil\ARM\Inc\NXP\LP
C17xx --predefine="__EVAL SETA 1" --list=q2.lst q2.asm



ARM Macro Assembler    Page 1 Alphabetic symbol ordering
Relocatable symbols

RESET 00000000

Symbol: RESET
   Definitions
      At line 1 in file q2.asm
   Uses
      None
Comment: RESET unused
__Vectors 00000000

Symbol: __Vectors
   Definitions
      At line 3 in file q2.asm
   Uses
      At line 2 in file q2.asm
Comment: __Vectors used once
2 symbols



ARM Macro Assembler    Page 1 Alphabetic symbol ordering
Relocatable symbols

Reset_Handler 00000000

Symbol: Reset_Handler
   Definitions
      At line 10 in file q2.asm
   Uses
      At line 5 in file q2.asm
      At line 9 in file q2.asm

arr 0000002C

Symbol: arr
   Definitions
      At line 27 in file q2.asm
   Uses
      At line 11 in file q2.asm
Comment: arr used once
done 00000020

Symbol: done
   Definitions
      At line 23 in file q2.asm
   Uses
      At line 18 in file q2.asm
Comment: done used once
mycode 00000000

Symbol: mycode
   Definitions
      At line 7 in file q2.asm
   Uses
      None
Comment: mycode unused
stop 0000002A

Symbol: stop
   Definitions
      At line 26 in file q2.asm
   Uses
      At line 22 in file q2.asm
      At line 26 in file q2.asm

up 00000010

Symbol: up
   Definitions
      At line 16 in file q2.asm
   Uses
      At line 20 in file q2.asm
Comment: up used once
6 symbols



ARM Macro Assembler    Page 1 Alphabetic symbol ordering
Relocatable symbols

dataseg 00000000

Symbol: dataseg
   Definitions
      At line 28 in file q2.asm
   Uses
      None
Comment: dataseg unused
res 00000000

Symbol: res
   Definitions
      At line 29 in file q2.asm
   Uses
      At line 14 in file q2.asm
Comment: res used once
2 symbols
343 symbols in table
