


ARM Macro Assembler    Page 1 


    1 00000000                 AREA             RESET,CODE,READONLY
    2 00000000                 EXPORT           __Vectors
    3 00000000         __Vectors
    4 00000000 40001000        DCD              0x40001000
    5 00000004 00000000        DCD              Reset_Handler
    6 00000008                 ALIGN
    7 00000008                 AREA             mycode,CODE,READONLY
    8 00000000                 ENTRY
    9 00000000                 EXPORT           Reset_Handler
   10 00000000         Reset_Handler
   11 00000000 4807            ldr              r0,=num1
   12 00000002 4908            ldr              r1,=num2
   13 00000004 4F08            ldr              r7,=ans
   14 00000006 6802            ldr              r2,[r0]
   15 00000008 680B            ldr              r3,[r1]
   16 0000000A 1AD4            subs             r4,r2,r3
   17 0000000C F165 0500       sbc              r5,#0
   18 00000010 F847 5B04       str              r5,[r7],#4
   19 00000014 603C            str              r4,[r7]
   20 00000016 E7FE    stop    b                stop
   21 00000018 FFFFFFFF 
                       num2    dcd              0xffffffff
   22 0000001C 11111111 
                       num1    dcd              0x11111111
   23 00000020 00000000 
              00000000 
              00000000         AREA             mydata,DATA,READWRITE
   24 00000000 00000000 
                       ans     dcd              0x0
   25 00000004                 end
Command Line: --debug --xref --cpu=Cortex-M3 --apcs=interwork --depend=q3.d -oq
3.o -IC:\Keil\ARM\RV31\INC -IC:\Keil\ARM\CMSIS\Include -IC:\Keil\ARM\Inc\NXP\LP
C17xx --predefine="__EVAL SETA 1" --list=q3.lst q3.asm



ARM Macro Assembler    Page 1 Alphabetic symbol ordering
Relocatable symbols

RESET 00000000

Symbol: RESET
   Definitions
      At line 1 in file q3.asm
   Uses
      None
Comment: RESET unused
__Vectors 00000000

Symbol: __Vectors
   Definitions
      At line 3 in file q3.asm
   Uses
      At line 2 in file q3.asm
Comment: __Vectors used once
2 symbols



ARM Macro Assembler    Page 1 Alphabetic symbol ordering
Relocatable symbols

Reset_Handler 00000000

Symbol: Reset_Handler
   Definitions
      At line 10 in file q3.asm
   Uses
      At line 5 in file q3.asm
      At line 9 in file q3.asm

mycode 00000000

Symbol: mycode
   Definitions
      At line 7 in file q3.asm
   Uses
      None
Comment: mycode unused
num1 0000001C

Symbol: num1
   Definitions
      At line 22 in file q3.asm
   Uses
      At line 11 in file q3.asm
Comment: num1 used once
num2 00000018

Symbol: num2
   Definitions
      At line 21 in file q3.asm
   Uses
      At line 12 in file q3.asm
Comment: num2 used once
stop 00000016

Symbol: stop
   Definitions
      At line 20 in file q3.asm
   Uses
      At line 20 in file q3.asm
Comment: stop used once
5 symbols



ARM Macro Assembler    Page 1 Alphabetic symbol ordering
Relocatable symbols

ans 00000000

Symbol: ans
   Definitions
      At line 24 in file q3.asm
   Uses
      At line 13 in file q3.asm
Comment: ans used once
mydata 00000000

Symbol: mydata
   Definitions
      At line 23 in file q3.asm
   Uses
      None
Comment: mydata unused
2 symbols
342 symbols in table
