


ARM Macro Assembler    Page 1 


    1 00000000                 AREA             RESET,CODE,READONLY
    2 00000000                 EXPORT           __Vectors
    3 00000000         __Vectors
    4 00000000 40001000        DCD              0x40001000
    5 00000004 00000000        DCD              Reset_Handler
    6 00000008                 ALIGN
    7 00000008                 AREA             mycode,CODE,READONLY
    8 00000000                 ENTRY
    9 00000000                 EXPORT           Reset_Handler
   10 00000000         Reset_Handler
   11 00000000 4809            ldr              r0,=num
   12 00000002 490A            ldr              r1,=num2
   13 00000004 4A0A            ldr              r2,=ans
   14 00000006 6803            ldr              r3,[r0]
   15 00000008 680C            ldr              r4,[r1]
   16 0000000A 42A3    up      cmp              r3,r4
   17 0000000C D006            beq              exit
   18 0000000E D802            bhi              next
   19 00000010 EBA4 0403       sub              r4,r3
   20 00000014 E7F9            b                up
   21 00000016 EBA3 0304 
                       next    sub              r3,r4
   22 0000001A E7F6            b                up
   23 0000001C 6013    exit    str              r3,[r2]
   24 0000001E E7FE    stop    b                stop
   25 00000020 00000005 
                       num     dcd              0x05
   26 00000024 00000003 
                       num2    dcd              0x03
   27 00000028 00000000 
              00000000 
              00000000         AREA             DATASEG,DATA,READWRITE
   28 00000000 00000000 
                       ans     dcd              0x0
   29 00000004                 end
Command Line: --debug --xref --cpu=Cortex-M3 --apcs=interwork --depend=gcd.d -o
gcd.o -IC:\Keil\ARM\RV31\INC -IC:\Keil\ARM\CMSIS\Include -IC:\Keil\ARM\Inc\NXP\
LPC17xx --predefine="__EVAL SETA 1" --list=gcd.lst gcd.asm



ARM Macro Assembler    Page 1 Alphabetic symbol ordering
Relocatable symbols

RESET 00000000

Symbol: RESET
   Definitions
      At line 1 in file gcd.asm
   Uses
      None
Comment: RESET unused
__Vectors 00000000

Symbol: __Vectors
   Definitions
      At line 3 in file gcd.asm
   Uses
      At line 2 in file gcd.asm
Comment: __Vectors used once
2 symbols



ARM Macro Assembler    Page 1 Alphabetic symbol ordering
Relocatable symbols

Reset_Handler 00000000

Symbol: Reset_Handler
   Definitions
      At line 10 in file gcd.asm
   Uses
      At line 5 in file gcd.asm
      At line 9 in file gcd.asm

exit 0000001C

Symbol: exit
   Definitions
      At line 23 in file gcd.asm
   Uses
      At line 17 in file gcd.asm
Comment: exit used once
mycode 00000000

Symbol: mycode
   Definitions
      At line 7 in file gcd.asm
   Uses
      None
Comment: mycode unused
next 00000016

Symbol: next
   Definitions
      At line 21 in file gcd.asm
   Uses
      At line 18 in file gcd.asm
Comment: next used once
num 00000020

Symbol: num
   Definitions
      At line 25 in file gcd.asm
   Uses
      At line 11 in file gcd.asm
Comment: num used once
num2 00000024

Symbol: num2
   Definitions
      At line 26 in file gcd.asm
   Uses
      At line 12 in file gcd.asm
Comment: num2 used once
stop 0000001E

Symbol: stop
   Definitions
      At line 24 in file gcd.asm
   Uses
      At line 24 in file gcd.asm
Comment: stop used once
up 0000000A




ARM Macro Assembler    Page 2 Alphabetic symbol ordering
Relocatable symbols

Symbol: up
   Definitions
      At line 16 in file gcd.asm
   Uses
      At line 20 in file gcd.asm
      At line 22 in file gcd.asm

8 symbols



ARM Macro Assembler    Page 1 Alphabetic symbol ordering
Relocatable symbols

DATASEG 00000000

Symbol: DATASEG
   Definitions
      At line 27 in file gcd.asm
   Uses
      None
Comment: DATASEG unused
ans 00000000

Symbol: ans
   Definitions
      At line 28 in file gcd.asm
   Uses
      At line 13 in file gcd.asm
Comment: ans used once
2 symbols
345 symbols in table
