


ARM Macro Assembler    Page 1 


    1 00000000                 AREA             RESET,CODE,READONLY
    2 00000000                 EXPORT           __Vectors
    3 00000000         __Vectors
    4 00000000 40001000        DCD              0x40001000
    5 00000004 00000000        DCD              Reset_Handler
    6 00000008                 ALIGN
    7 00000008                 AREA             mycode,CODE,READONLY
    8 00000000                 ENTRY
    9 00000000                 EXPORT           Reset_Handler
   10 00000000         Reset_Handler
   11 00000000 480F            ldr              r0,=num
   12 00000002 4910            ldr              r1,=num2
   13 00000004 4A10            ldr              r2,=ans
   14 00000006 6803            ldr              r3,[r0]
   15 00000008 680C            ldr              r4,[r1]
   16 0000000A F04F 0901       mov              r9,#1
   17 0000000E FB09 FA03 
                       up      mul              r10,r9,r3
   18 00000012 F000 F80A       bl               div
   19 00000016 F09A 0F00       teq              r10,#0
   20 0000001A D002            beq              done
   21 0000001C F109 0901       add              r9,#1
   22 00000020 E7F5            b                up
   23 00000022 FB09 F503 
                       done    mul              r5,r9,r3
   24 00000026 6015            str              r5,[r2]
   25 00000028 E7FE    stop    b                stop
   26 0000002A 45A2    div     cmp              r10,r4
   27 0000002C D302            bcc              exit
   28 0000002E EBAA 0A04       sub              r10,r4
   29 00000032 E7FA            b                div
   30 00000034 4770    exit    bx               lr
   31 00000036 00 00 00000005 
                       num     dcd              0x05
   32 0000003C 00000003 
                       num2    dcd              0x03
   33 00000040 00000000 
              00000000 
              00000000         AREA             DATASEG,DATA,READWRITE
   34 00000000 00000000 
                       ans     dcd              0x0
   35 00000004                 end
Command Line: --debug --xref --cpu=Cortex-M3 --apcs=interwork --depend=lcm.d -o
lcm.o -IC:\Keil\ARM\RV31\INC -IC:\Keil\ARM\CMSIS\Include -IC:\Keil\ARM\Inc\NXP\
LPC17xx --predefine="__EVAL SETA 1" --list=lcm.lst lcm.asm



ARM Macro Assembler    Page 1 Alphabetic symbol ordering
Relocatable symbols

RESET 00000000

Symbol: RESET
   Definitions
      At line 1 in file lcm.asm
   Uses
      None
Comment: RESET unused
__Vectors 00000000

Symbol: __Vectors
   Definitions
      At line 3 in file lcm.asm
   Uses
      At line 2 in file lcm.asm
Comment: __Vectors used once
2 symbols



ARM Macro Assembler    Page 1 Alphabetic symbol ordering
Relocatable symbols

Reset_Handler 00000000

Symbol: Reset_Handler
   Definitions
      At line 10 in file lcm.asm
   Uses
      At line 5 in file lcm.asm
      At line 9 in file lcm.asm

div 0000002A

Symbol: div
   Definitions
      At line 26 in file lcm.asm
   Uses
      At line 18 in file lcm.asm
      At line 29 in file lcm.asm

done 00000022

Symbol: done
   Definitions
      At line 23 in file lcm.asm
   Uses
      At line 20 in file lcm.asm
Comment: done used once
exit 00000034

Symbol: exit
   Definitions
      At line 30 in file lcm.asm
   Uses
      At line 27 in file lcm.asm
Comment: exit used once
mycode 00000000

Symbol: mycode
   Definitions
      At line 7 in file lcm.asm
   Uses
      None
Comment: mycode unused
num 00000038

Symbol: num
   Definitions
      At line 31 in file lcm.asm
   Uses
      At line 11 in file lcm.asm
Comment: num used once
num2 0000003C

Symbol: num2
   Definitions
      At line 32 in file lcm.asm
   Uses
      At line 12 in file lcm.asm
Comment: num2 used once
stop 00000028



ARM Macro Assembler    Page 2 Alphabetic symbol ordering
Relocatable symbols


Symbol: stop
   Definitions
      At line 25 in file lcm.asm
   Uses
      At line 25 in file lcm.asm
Comment: stop used once
up 0000000E

Symbol: up
   Definitions
      At line 17 in file lcm.asm
   Uses
      At line 22 in file lcm.asm
Comment: up used once
9 symbols



ARM Macro Assembler    Page 1 Alphabetic symbol ordering
Relocatable symbols

DATASEG 00000000

Symbol: DATASEG
   Definitions
      At line 33 in file lcm.asm
   Uses
      None
Comment: DATASEG unused
ans 00000000

Symbol: ans
   Definitions
      At line 34 in file lcm.asm
   Uses
      At line 13 in file lcm.asm
Comment: ans used once
2 symbols
346 symbols in table
